<?xml version="1.0" encoding="UTF-8"?>
<!-- Generated by org.testng.reporters.JUnitReportReporter -->
<testsuite hostname="LAPTOP-GPFAO22A" failures="0" tests="1" name="com.jenkins.framework.PracticeJenkinsTest" time="0.002" errors="0" timestamp="2022-12-21T11:19:09 IST" skipped="0">
  <testcase classname="com.jenkins.framework.PracticeJenkinsTest" name="test1Test" time="0.002"/>
  <system-out/>
</testsuite> <!-- com.jenkins.framework.PracticeJenkinsTest -->
